c:\users\miruna\desktop\faculta\y2\y2s2\egc\lab work\lab9\bresenham\bresenham\debug\vc141.pdb
c:\users\miruna\desktop\faculta\y2\y2s2\egc\lab work\lab9\bresenham\bresenham\debug\vc141.idb
c:\users\miruna\desktop\faculta\y2\y2s2\egc\lab work\lab9\bresenham\bresenham\debug\bresenham.obj
c:\users\miruna\desktop\faculta\y2\y2s2\egc\lab work\lab10\bresenham\bresenham\debug\vc141.pdb
c:\users\miruna\desktop\faculta\y2\y2s2\egc\lab work\lab10\bresenham\bresenham\debug\vc141.idb
c:\users\miruna\desktop\faculta\y2\y2s2\egc\lab work\lab10\bresenham\bresenham\debug\vec4.obj
c:\users\miruna\desktop\faculta\y2\y2s2\egc\lab work\lab10\bresenham\bresenham\debug\vec3.obj
c:\users\miruna\desktop\faculta\y2\y2s2\egc\lab work\lab10\bresenham\bresenham\debug\vec2.obj
c:\users\miruna\desktop\faculta\y2\y2s2\egc\lab work\lab10\bresenham\bresenham\debug\transform.obj
c:\users\miruna\desktop\faculta\y2\y2s2\egc\lab work\lab10\bresenham\bresenham\debug\projection.obj
c:\users\miruna\desktop\faculta\y2\y2s2\egc\lab work\lab10\bresenham\bresenham\debug\mat4.obj
c:\users\miruna\desktop\faculta\y2\y2s2\egc\lab work\lab10\bresenham\bresenham\debug\mat3.obj
c:\users\miruna\desktop\faculta\y2\y2s2\egc\lab work\lab10\bresenham\bresenham\debug\camera.obj
c:\users\miruna\desktop\faculta\y2\y2s2\egc\lab work\lab10\bresenham\bresenham\debug\main.obj
c:\users\miruna\desktop\faculta\y2\y2s2\egc\lab work\lab9\bresenham\debug\bresenham.exe
c:\users\miruna\desktop\faculta\y2\y2s2\egc\lab work\lab9\bresenham\debug\bresenham.ilk
c:\users\miruna\desktop\faculta\y2\y2s2\egc\lab work\lab9\bresenham\debug\bresenham.pdb
c:\users\miruna\desktop\faculta\y2\y2s2\egc\lab work\lab10\bresenham\bresenham\debug\bresenham.obj
c:\users\miruna\desktop\faculta\y2\y2s2\egc\lab work\lab10\bresenham\debug\bresenham.pdb
c:\users\miruna\desktop\faculta\y2\y2s2\egc\lab work\lab10\bresenham\debug\bresenham.exe
c:\users\miruna\desktop\faculta\y2\y2s2\egc\lab work\lab10\bresenham\debug\bresenham.ilk
c:\users\miruna\desktop\faculta\y2\y2s2\egc\lab work\lab10\bresenham\bresenham\debug\bresenham.tlog\cl.command.1.tlog
c:\users\miruna\desktop\faculta\y2\y2s2\egc\lab work\lab10\bresenham\bresenham\debug\bresenham.tlog\cl.read.1.tlog
c:\users\miruna\desktop\faculta\y2\y2s2\egc\lab work\lab10\bresenham\bresenham\debug\bresenham.tlog\cl.write.1.tlog
c:\users\miruna\desktop\faculta\y2\y2s2\egc\lab work\lab10\bresenham\bresenham\debug\bresenham.tlog\link.command.1.tlog
c:\users\miruna\desktop\faculta\y2\y2s2\egc\lab work\lab10\bresenham\bresenham\debug\bresenham.tlog\link.read.1.tlog
c:\users\miruna\desktop\faculta\y2\y2s2\egc\lab work\lab10\bresenham\bresenham\debug\bresenham.tlog\link.write.1.tlog
