c:\users\miruna\desktop\faculta\y2\y2s2\egc\lab work\lab7\resources\egc_lab5\debug\vc141.pdb
c:\users\miruna\desktop\faculta\y2\y2s2\egc\lab work\lab7\resources\egc_lab5\debug\vc141.idb
c:\users\miruna\desktop\faculta\y2\y2s2\egc\lab work\lab7\resources\egc_lab5\debug\vec4.obj
c:\users\miruna\desktop\faculta\y2\y2s2\egc\lab work\lab7\resources\egc_lab5\debug\vec3.obj
c:\users\miruna\desktop\faculta\y2\y2s2\egc\lab work\lab7\resources\egc_lab5\debug\vec2.obj
c:\users\miruna\desktop\faculta\y2\y2s2\egc\lab work\lab7\resources\egc_lab5\debug\transform.obj
c:\users\miruna\desktop\faculta\y2\y2s2\egc\lab work\lab7\resources\egc_lab5\debug\stdafx.obj
c:\users\miruna\desktop\faculta\y2\y2s2\egc\lab work\lab7\resources\egc_lab5\debug\mat4.obj
c:\users\miruna\desktop\faculta\y2\y2s2\egc\lab work\lab7\resources\egc_lab5\debug\mat3.obj
c:\users\miruna\desktop\faculta\y2\y2s2\egc\lab work\lab7\resources\egc_lab5\debug\egc_lab5.obj
c:\users\miruna\desktop\faculta\y2\y2s2\egc\lab work\lab7\resources\egc_lab5\debug\clip.obj
c:\users\miruna\desktop\faculta\y2\y2s2\egc\lab work\lab7\resources\debug\egc_lab5.exe
c:\users\miruna\desktop\faculta\y2\y2s2\egc\lab work\lab7\resources\debug\egc_lab5.ilk
c:\users\miruna\desktop\faculta\y2\y2s2\egc\lab work\lab7\resources\debug\egc_lab5.pdb
c:\users\miruna\desktop\faculta\y2\y2s2\egc\lab work\lab7\resources\egc_lab5\debug\egc_lab5.tlog\cl.command.1.tlog
c:\users\miruna\desktop\faculta\y2\y2s2\egc\lab work\lab7\resources\egc_lab5\debug\egc_lab5.tlog\cl.read.1.tlog
c:\users\miruna\desktop\faculta\y2\y2s2\egc\lab work\lab7\resources\egc_lab5\debug\egc_lab5.tlog\cl.write.1.tlog
c:\users\miruna\desktop\faculta\y2\y2s2\egc\lab work\lab7\resources\egc_lab5\debug\egc_lab5.tlog\link.command.1.tlog
c:\users\miruna\desktop\faculta\y2\y2s2\egc\lab work\lab7\resources\egc_lab5\debug\egc_lab5.tlog\link.read.1.tlog
c:\users\miruna\desktop\faculta\y2\y2s2\egc\lab work\lab7\resources\egc_lab5\debug\egc_lab5.tlog\link.write.1.tlog
